[    0.000000] Linux version 4.15.0-55-generic (buildd@lcy01-amd64-029) (gcc version 7.4.0 (Ubuntu 7.4.0-1ubuntu1~18.04.1)) #60-Ubuntu SMP Tue Jul 2 18:22:20 UTC 2019 (Ubuntu 4.15.0-55.60-generic 4.15.18)
[    0.000000] Command line: BOOT_IMAGE=/boot/vmlinuz-4.15.0-55-generic root=LABEL=cloudimg-rootfs ro console=tty1 console=ttyS0
[    0.000000] KERNEL supported cpus:
[    0.000000]   Intel GenuineIntel
[    0.000000]   AMD AuthenticAMD
[    0.000000]   Centaur CentaurHauls
[    0.000000] x86/fpu: Supporting XSAVE feature 0x001: 'x87 floating point registers'
[    0.000000] x86/fpu: Supporting XSAVE feature 0x002: 'SSE registers'
[    0.000000] x86/fpu: Supporting XSAVE feature 0x004: 'AVX registers'
[    0.000000] x86/fpu: xstate_offset[2]:  576, xstate_sizes[2]:  256
[    0.000000] x86/fpu: Enabled xstate features 0x7, context size is 832 bytes, using 'standard' format.
[    0.000000] e820: BIOS-provided physical RAM map:
[    0.000000] BIOS-e820: [mem 0x0000000000000000-0x000000000009fbff] usable
[    0.000000] BIOS-e820: [mem 0x000000000009fc00-0x000000000009ffff] reserved
[    0.000000] BIOS-e820: [mem 0x00000000000f0000-0x00000000000fffff] reserved
[    0.000000] BIOS-e820: [mem 0x0000000000100000-0x00000000dffeffff] usable
[    0.000000] BIOS-e820: [mem 0x00000000dfff0000-0x00000000dfffffff] ACPI data
[    0.000000] BIOS-e820: [mem 0x00000000fec00000-0x00000000fec00fff] reserved
[    0.000000] BIOS-e820: [mem 0x00000000fee00000-0x00000000fee00fff] reserved
[    0.000000] BIOS-e820: [mem 0x00000000fffc0000-0x00000000ffffffff] reserved
[    0.000000] BIOS-e820: [mem 0x0000000100000000-0x000000011fffffff] usable
[    0.000000] NX (Execute Disable) protection: active
[    0.000000] SMBIOS 2.5 present.
[    0.000000] DMI: innotek GmbH VirtualBox/VirtualBox, BIOS VirtualBox 12/01/2006
[    0.000000] Hypervisor detected: KVM
[    0.000000] e820: last_pfn = 0x120000 max_arch_pfn = 0x400000000
[    0.000000] MTRR: Disabled
[    0.000000] x86/PAT: MTRRs disabled, skipping PAT initialization too.
[    0.000000] CPU MTRRs all blank - virtualized system.
[    0.000000] x86/PAT: Configuration [0-7]: WB  WT  UC- UC  WB  WT  UC- UC  
[    0.000000] e820: last_pfn = 0xdfff0 max_arch_pfn = 0x400000000
[    0.000000] found SMP MP-table at [mem 0x0009fff0-0x0009ffff] mapped at [        (ptrval)]
[    0.000000] Scanning 1 areas for low memory corruption
[    0.000000] RAMDISK: [mem 0x35a93000-0x36d40fff]
[    0.000000] ACPI: Early table checksum verification disabled
[    0.000000] ACPI: RSDP 0x00000000000E0000 000024 (v02 VBOX  )
[    0.000000] ACPI: XSDT 0x00000000DFFF0030 00003C (v01 VBOX   VBOXXSDT 00000001 ASL  00000061)
[    0.000000] ACPI: FACP 0x00000000DFFF00F0 0000F4 (v04 VBOX   VBOXFACP 00000001 ASL  00000061)
[    0.000000] ACPI: DSDT 0x00000000DFFF0470 0022EA (v02 VBOX   VBOXBIOS 00000002 INTL 20100528)
[    0.000000] ACPI: FACS 0x00000000DFFF0200 000040
[    0.000000] ACPI: FACS 0x00000000DFFF0200 000040
[    0.000000] ACPI: APIC 0x00000000DFFF0240 000054 (v02 VBOX   VBOXAPIC 00000001 ASL  00000061)
[    0.000000] ACPI: SSDT 0x00000000DFFF02A0 0001CC (v01 VBOX   VBOXCPUT 00000002 INTL 20100528)
[    0.000000] No NUMA configuration found
[    0.000000] Faking a node at [mem 0x0000000000000000-0x000000011fffffff]
[    0.000000] NODE_DATA(0) allocated [mem 0x11ffd5000-0x11fffffff]
[    0.000000] kvm-clock: cpu 0, msr 1:1ff54001, primary cpu clock
[    0.000000] kvm-clock: Using msrs 4b564d01 and 4b564d00
[    0.000000] kvm-clock: using sched offset of 13444995898 cycles
[    0.000000] clocksource: kvm-clock: mask: 0xffffffffffffffff max_cycles: 0x1cd42e4dffb, max_idle_ns: 881590591483 ns
[    0.000000] Zone ranges:
[    0.000000]   DMA      [mem 0x0000000000001000-0x0000000000ffffff]
[    0.000000]   DMA32    [mem 0x0000000001000000-0x00000000ffffffff]
[    0.000000]   Normal   [mem 0x0000000100000000-0x000000011fffffff]
[    0.000000]   Device   empty
[    0.000000] Movable zone start for each node
[    0.000000] Early memory node ranges
[    0.000000]   node   0: [mem 0x0000000000001000-0x000000000009efff]
[    0.000000]   node   0: [mem 0x0000000000100000-0x00000000dffeffff]
[    0.000000]   node   0: [mem 0x0000000100000000-0x000000011fffffff]
[    0.000000] Reserved but unavailable: 114 pages
[    0.000000] Initmem setup node 0 [mem 0x0000000000001000-0x000000011fffffff]
[    0.000000] ACPI: PM-Timer IO Port: 0x4008
[    0.000000] IOAPIC[0]: apic_id 1, version 32, address 0xfec00000, GSI 0-23
[    0.000000] ACPI: INT_SRC_OVR (bus 0 bus_irq 0 global_irq 2 dfl dfl)
[    0.000000] ACPI: INT_SRC_OVR (bus 0 bus_irq 9 global_irq 9 low level)
[    0.000000] Using ACPI (MADT) for SMP configuration information
[    0.000000] smpboot: Allowing 1 CPUs, 0 hotplug CPUs
[    0.000000] PM: Registered nosave memory: [mem 0x00000000-0x00000fff]
[    0.000000] PM: Registered nosave memory: [mem 0x0009f000-0x0009ffff]
[    0.000000] PM: Registered nosave memory: [mem 0x000a0000-0x000effff]
[    0.000000] PM: Registered nosave memory: [mem 0x000f0000-0x000fffff]
[    0.000000] PM: Registered nosave memory: [mem 0xdfff0000-0xdfffffff]
[    0.000000] PM: Registered nosave memory: [mem 0xe0000000-0xfebfffff]
[    0.000000] PM: Registered nosave memory: [mem 0xfec00000-0xfec00fff]
[    0.000000] PM: Registered nosave memory: [mem 0xfec01000-0xfedfffff]
[    0.000000] PM: Registered nosave memory: [mem 0xfee00000-0xfee00fff]
[    0.000000] PM: Registered nosave memory: [mem 0xfee01000-0xfffbffff]
[    0.000000] PM: Registered nosave memory: [mem 0xfffc0000-0xffffffff]
[    0.000000] e820: [mem 0xe0000000-0xfebfffff] available for PCI devices
[    0.000000] Booting paravirtualized kernel on KVM
[    0.000000] clocksource: refined-jiffies: mask: 0xffffffff max_cycles: 0xffffffff, max_idle_ns: 7645519600211568 ns
[    0.000000] random: get_random_bytes called from start_kernel+0x99/0x4fd with crng_init=0
[    0.000000] setup_percpu: NR_CPUS:8192 nr_cpumask_bits:1 nr_cpu_ids:1 nr_node_ids:1
[    0.000000] percpu: Embedded 46 pages/cpu @        (ptrval) s151552 r8192 d28672 u2097152
[    0.000000] PV qspinlock hash table entries: 256 (order: 0, 4096 bytes)
[    0.000000] Built 1 zonelists, mobility grouping on.  Total pages: 1032057
[    0.000000] Policy zone: Normal
[    0.000000] Kernel command line: BOOT_IMAGE=/boot/vmlinuz-4.15.0-55-generic root=LABEL=cloudimg-rootfs ro console=tty1 console=ttyS0
[    0.000000] Memory: 4014264K/4193848K available (12300K kernel code, 2473K rwdata, 4276K rodata, 2408K init, 2416K bss, 179584K reserved, 0K cma-reserved)
[    0.000000] SLUB: HWalign=64, Order=0-3, MinObjects=0, CPUs=1, Nodes=1
[    0.000000] Kernel/User page tables isolation: enabled
[    0.000000] ftrace: allocating 39219 entries in 154 pages
[    0.004000] Hierarchical RCU implementation.
[    0.004000] 	RCU restricting CPUs from NR_CPUS=8192 to nr_cpu_ids=1.
[    0.004000] 	Tasks RCU enabled.
[    0.004000] RCU: Adjusting geometry for rcu_fanout_leaf=16, nr_cpu_ids=1
[    0.004000] NR_IRQS: 524544, nr_irqs: 256, preallocated irqs: 16
[    0.004000] Console: colour VGA+ 80x25
[    0.004000] console [tty1] enabled
[    0.004000] console [ttyS0] enabled
[    0.004000] ACPI: Core revision 20170831
[    0.004000] ACPI: 2 ACPI AML tables successfully acquired and loaded
[    0.004000] APIC: Switch to symmetric I/O mode setup
[    0.008537] x2apic enabled
[    0.010992] Switched APIC routing to physical x2apic.
[    0.016000] ..TIMER: vector=0x30 apic1=0 pin1=2 apic2=-1 pin2=-1
[    0.016011] tsc: Detected 2494.226 MHz processor
[    0.020023] Calibrating delay loop (skipped) preset value.. 4988.45 BogoMIPS (lpj=9976904)
[    0.024012] pid_max: default: 32768 minimum: 301
[    0.028169] Security Framework initialized
[    0.032012] Yama: becoming mindful.
[    0.033997] AppArmor: AppArmor initialized
[    0.044497] Dentry cache hash table entries: 524288 (order: 10, 4194304 bytes)
[    0.052428] Inode-cache hash table entries: 262144 (order: 9, 2097152 bytes)
[    0.056064] Mount-cache hash table entries: 8192 (order: 4, 65536 bytes)
[    0.060043] Mountpoint-cache hash table entries: 8192 (order: 4, 65536 bytes)
[    0.064369] mce: CPU supports 0 MCE banks
[    0.068041] process: using mwait in idle threads
[    0.071766] Last level iTLB entries: 4KB 1024, 2MB 1024, 4MB 1024
[    0.072011] Last level dTLB entries: 4KB 1024, 2MB 1024, 4MB 1024, 1GB 4
[    0.076012] Spectre V2 : Mitigation: Full generic retpoline
[    0.080011] Spectre V2 : Spectre v2 / SpectreRSB mitigation: Filling RSB on context switch
[    0.084010] Speculative Store Bypass: Vulnerable
[    0.088113] MDS: Vulnerable: Clear CPU buffers attempted, no microcode
[    0.124481] Freeing SMP alternatives memory: 36K
[    0.132000] APIC calibration not consistent with PM-Timer: 101ms instead of 100ms
[    0.132000] APIC delta adjusted to PM-Timer: 6238315 (6300811)
[    0.132153] smpboot: CPU0: Intel(R) Core(TM) i5-4300U CPU @ 1.90GHz (family: 0x6, model: 0x45, stepping: 0x1)
[    0.136198] Performance Events: unsupported p6 CPU model 69 no PMU driver, software events only.
[    0.140112] Hierarchical SRCU implementation.
[    0.148045] NMI watchdog: Perf event create on CPU 0 failed with -2
[    0.151355] NMI watchdog: Perf NMI watchdog permanently disabled
[    0.152153] smp: Bringing up secondary CPUs ...
[    0.156012] smp: Brought up 1 node, 1 CPU
[    0.160012] smpboot: Max logical packages: 1
[    0.162319] smpboot: Total of 1 processors activated (4988.45 BogoMIPS)
[    0.164519] devtmpfs: initialized
[    0.168316] x86/mm: Memory block size: 128MB
[    0.180941] evm: security.selinux
[    0.184009] evm: security.SMACK64
[    0.185518] evm: security.SMACK64EXEC
[    0.187281] evm: security.SMACK64TRANSMUTE
[    0.188010] evm: security.SMACK64MMAP
[    0.192011] evm: security.apparmor
[    0.196009] evm: security.ima
[    0.197880] evm: security.capability
[    0.200433] clocksource: jiffies: mask: 0xffffffff max_cycles: 0xffffffff, max_idle_ns: 7645041785100000 ns
[    0.204040] futex hash table entries: 256 (order: 2, 16384 bytes)
[    0.208132] pinctrl core: initialized pinctrl subsystem
[    0.212402] RTC time:  0:18:54, date: 08/09/19
[    0.216285] NET: Registered protocol family 16
[    0.220352] audit: initializing netlink subsys (disabled)
[    0.226524] cpuidle: using governor ladder
[    0.228022] audit: type=2000 audit(1565309949.162:1): state=initialized audit_enabled=0 res=1
[    0.232021] cpuidle: using governor menu
[    0.236213] ACPI: bus type PCI registered
[    0.240012] acpiphp: ACPI Hot Plug PCI Controller Driver version: 0.5
[    0.248073] PCI: Using configuration type 1 for base access
[    0.261058] HugeTLB registered 2.00 MiB page size, pre-allocated 0 pages
[    0.272229] ACPI: Added _OSI(Module Device)
[    0.276012] ACPI: Added _OSI(Processor Device)
[    0.280013] ACPI: Added _OSI(3.0 _SCP Extensions)
[    0.284015] ACPI: Added _OSI(Processor Aggregator Device)
[    0.288015] ACPI: Added _OSI(Linux-Dell-Video)
[    0.292016] ACPI: Added _OSI(Linux-Lenovo-NV-HDMI-Audio)
[    0.296014] ACPI: Added _OSI(Linux-HPI-Hybrid-Graphics)
[    0.300325] ACPI: Executed 1 blocks of module-level executable AML code
[    0.333692] ACPI: Interpreter enabled
[    0.335711] ACPI: (supports S0 S5)
[    0.336013] ACPI: Using IOAPIC for interrupt routing
[    0.341582] PCI: Using host bridge windows from ACPI; if necessary, use "pci=nocrs" and report a bug
[    0.348255] ACPI: Enabled 2 GPEs in block 00 to 07
[    0.390974] ACPI: PCI Root Bridge [PCI0] (domain 0000 [bus 00-ff])
[    0.392031] acpi PNP0A03:00: _OSC: OS supports [ASPM ClockPM Segments MSI]
[    0.400136] acpi PNP0A03:00: _OSC: not requesting OS control; OS requires [ExtendedConfig ASPM ClockPM MSI]
[    0.404068] acpi PNP0A03:00: fail to add MMCONFIG information, can't access extended PCI configuration space under this bridge.
[    0.409781] PCI host bridge to bus 0000:00
[    0.412017] pci_bus 0000:00: root bus resource [io  0x0000-0x0cf7 window]
[    0.416019] pci_bus 0000:00: root bus resource [io  0x0d00-0xffff window]
[    0.420019] pci_bus 0000:00: root bus resource [mem 0x000a0000-0x000bffff window]
[    0.423534] pci_bus 0000:00: root bus resource [mem 0xe0000000-0xfdffffff window]
[    0.424017] pci_bus 0000:00: root bus resource [bus 00-ff]
[    0.433744] pci 0000:00:01.1: legacy IDE quirk: reg 0x10: [io  0x01f0-0x01f7]
[    0.436020] pci 0000:00:01.1: legacy IDE quirk: reg 0x14: [io  0x03f6]
[    0.440018] pci 0000:00:01.1: legacy IDE quirk: reg 0x18: [io  0x0170-0x0177]
[    0.444018] pci 0000:00:01.1: legacy IDE quirk: reg 0x1c: [io  0x0376]
[    0.565575] pci 0000:00:07.0: quirk: [io  0x4000-0x403f] claimed by PIIX4 ACPI
[    0.568055] pci 0000:00:07.0: quirk: [io  0x4100-0x410f] claimed by PIIX4 SMB
[    0.662653] ACPI: PCI Interrupt Link [LNKA] (IRQs 5 9 10 *11)
[    0.665704] ACPI: PCI Interrupt Link [LNKB] (IRQs 5 9 *10 11)
[    0.672443] ACPI: PCI Interrupt Link [LNKC] (IRQs 5 *9 10 11)
[    0.676350] ACPI: PCI Interrupt Link [LNKD] (IRQs 5 9 10 *11)
[    0.680926] SCSI subsystem initialized
[    0.683601] pci 0000:00:02.0: vgaarb: setting as boot VGA device
[    0.684000] pci 0000:00:02.0: vgaarb: VGA device added: decodes=io+mem,owns=io+mem,locks=none
[    0.684019] pci 0000:00:02.0: vgaarb: bridge control possible
[    0.686516] vgaarb: loaded
[    0.688136] ACPI: bus type USB registered
[    0.692110] usbcore: registered new interface driver usbfs
[    0.696061] usbcore: registered new interface driver hub
[    0.698503] usbcore: registered new device driver usb
[    0.708114] EDAC MC: Ver: 3.0.0
[    0.712920] PCI: Using ACPI for IRQ routing
[    0.716912] NetLabel: Initializing
[    0.719403] NetLabel:  domain hash size = 128
[    0.720009] NetLabel:  protocols = UNLABELED CIPSOv4 CALIPSO
[    0.724064] NetLabel:  unlabeled traffic allowed by default
[    0.727107] clocksource: Switched to clocksource kvm-clock
[    0.865632] VFS: Disk quotas dquot_6.6.0
[    0.879034] VFS: Dquot-cache hash table entries: 512 (order 0, 4096 bytes)
[    0.882765] AppArmor: AppArmor Filesystem Enabled
[    0.886660] pnp: PnP ACPI init
[    0.908464] pnp: PnP ACPI: found 3 devices
[    0.926998] clocksource: acpi_pm: mask: 0xffffff max_cycles: 0xffffff, max_idle_ns: 2085701024 ns
[    0.956326] NET: Registered protocol family 2
[    0.959361] TCP established hash table entries: 32768 (order: 6, 262144 bytes)
[    0.965213] TCP bind hash table entries: 32768 (order: 7, 524288 bytes)
[    0.969886] TCP: Hash tables configured (established 32768 bind 32768)
[    1.002347] UDP hash table entries: 2048 (order: 4, 65536 bytes)
[    1.004940] UDP-Lite hash table entries: 2048 (order: 4, 65536 bytes)
[    1.009231] NET: Registered protocol family 1
[    1.011601] pci 0000:00:00.0: Limiting direct PCI/PCI transfers
[    1.015218] pci 0000:00:01.0: Activating ISA DMA hang workarounds
[    1.019140] pci 0000:00:02.0: Video device with shadowed ROM at [mem 0x000c0000-0x000dffff]
[    1.024464] Unpacking initramfs...
[    2.442666] Freeing initrd memory: 19128K
[    2.449017] PCI-DMA: Using software bounce buffering for IO (SWIOTLB)
[    2.461725] software IO TLB [mem 0xdbff0000-0xdfff0000] (64MB) mapped at [        (ptrval)-        (ptrval)]
[    2.476300] clocksource: tsc: mask: 0xffffffffffffffff max_cycles: 0x23f3eb3743e, max_idle_ns: 440795257847 ns
[    2.486201] platform rtc_cmos: registered platform RTC device (no PNP device found)
[    2.492007] Scanning for low memory corruption every 60 seconds
[    2.511875] Initialise system trusted keyrings
[    2.514271] Key type blacklist registered
[    2.516238] workingset: timestamp_bits=36 max_order=20 bucket_order=0
[    2.524117] zbud: loaded
[    2.529603] squashfs: version 4.0 (2009/01/31) Phillip Lougher
[    2.534616] fuse init (API version 7.26)
[    2.563513] Key type asymmetric registered
[    2.565835] Asymmetric key parser 'x509' registered
[    2.571538] Block layer SCSI generic (bsg) driver version 0.4 loaded (major 246)
[    2.580664] io scheduler noop registered
[    2.587952] io scheduler deadline registered
[    2.590472] io scheduler cfq registered (default)
[    2.594261] ACPI: AC Adapter [AC] (on-line)
[    2.596842] input: Power Button as /devices/LNXSYSTM:00/LNXPWRBN:00/input/input0
[    2.600642] ACPI: Power Button [PWRF]
[    2.603503] input: Sleep Button as /devices/LNXSYSTM:00/LNXSLPBN:00/input/input1
[    2.606817] ACPI: Sleep Button [SLPF]
[    2.613237] Serial: 8250/16550 driver, 32 ports, IRQ sharing enabled
[    2.619496] ACPI: Battery Slot [BAT0] (battery present)
[    2.648335] 00:02: ttyS0 at I/O 0x3f8 (irq = 4, base_baud = 115200) is a 16550A
[    2.658753] Linux agpgart interface v0.103
[    2.665961] loop: module loaded
[    2.674960] scsi host0: ata_piix
[    2.676778] scsi host1: ata_piix
[    2.678797] ata1: PATA max UDMA/33 cmd 0x1f0 ctl 0x3f6 bmdma 0xd000 irq 14
[    2.681912] ata2: PATA max UDMA/33 cmd 0x170 ctl 0x376 bmdma 0xd008 irq 15
[    2.686886] libphy: Fixed MDIO Bus: probed
[    2.689084] tun: Universal TUN/TAP device driver, 1.6
[    2.691974] PPP generic driver version 2.4.2
[    2.694641] ehci_hcd: USB 2.0 'Enhanced' Host Controller (EHCI) Driver
[    2.698705] ehci-pci: EHCI PCI platform driver
[    2.702065] ehci-platform: EHCI generic platform driver
[    2.704467] ohci_hcd: USB 1.1 'Open' Host Controller (OHCI) Driver
[    2.707840] ohci-pci: OHCI PCI platform driver
[    2.710734] ohci-platform: OHCI generic platform driver
[    2.714193] uhci_hcd: USB Universal Host Controller Interface driver
[    2.717109] i8042: PNP: PS/2 Controller [PNP0303:PS2K,PNP0f03:PS2M] at 0x60,0x64 irq 1,12
[    2.723018] serio: i8042 KBD port at 0x60,0x64 irq 1
[    2.726086] serio: i8042 AUX port at 0x60,0x64 irq 12
[    2.730499] mousedev: PS/2 mouse device common for all mice
[    2.735459] input: AT Translated Set 2 keyboard as /devices/platform/i8042/serio0/input/input2
[    2.740496] rtc_cmos rtc_cmos: rtc core: registered rtc_cmos as rtc0
[    2.743939] rtc_cmos rtc_cmos: alarms up to one day, 114 bytes nvram
[    2.748059] i2c /dev entries driver
[    2.750481] device-mapper: uevent: version 1.0.3
[    2.754223] device-mapper: ioctl: 4.37.0-ioctl (2017-09-20) initialised: dm-devel@redhat.com
[    2.758736] ledtrig-cpu: registered to indicate activity on CPUs
[    2.764849] NET: Registered protocol family 10
[    2.782788] Segment Routing with IPv6
[    2.785642] NET: Registered protocol family 17
[    2.787736] Key type dns_resolver registered
[    2.790196] RAS: Correctable Errors collector initialized.
[    2.792581] sched_clock: Marking stable (2789742456, 0)->(4524645383, -1734902927)
[    2.796476] registered taskstats version 1
[    2.798316] Loading compiled-in X.509 certificates
[    2.806907] Loaded X.509 cert 'Build time autogenerated kernel key: 2ed9c0a78927f1fed24db33f01fd983502d97350'
[    2.811885] zswap: loaded using pool lzo/zbud
[    2.824718] Key type big_key registered
[    2.829801] Key type trusted registered
[    2.839400] Key type encrypted registered
[    2.842383] AppArmor: AppArmor sha1 policy hashing enabled
[    2.846840] ima: No TPM chip found, activating TPM-bypass! (rc=-19)
[    2.853297] ima: Allocated hash algorithm: sha1
[    2.856646] evm: HMAC attrs: 0x1
[    2.860053]   Magic number: 15:953:303
[    2.862223] tty tty32: hash matches
[    2.866339] rtc_cmos rtc_cmos: setting system clock to 2019-08-09 00:18:57 UTC (1565309937)
[    2.871402] BIOS EDD facility v0.16 2004-Jun-25, 0 devices found
[    2.874152] EDD information not available.
[    2.894266] Freeing unused kernel image memory: 2408K
[    2.908726] Write protecting the kernel read-only data: 20480k
[    2.915490] Freeing unused kernel image memory: 2008K
[    2.921998] Freeing unused kernel image memory: 1868K
[    2.985631] x86/mm: Checked W+X mappings: passed, no W+X pages found.
[    2.988511] x86/mm: Checking user space page tables
[    3.041208] x86/mm: Checked W+X mappings: passed, no W+X pages found.
Loading, please wait...
starting version 237
[    3.712020] Fusion MPT base driver 3.04.20
[    3.714212] Copyright (c) 1999-2008 LSI Corporation
[    3.735651] e1000: Intel(R) PRO/1000 Network Driver - version 7.3.21-k8-NAPI
[    3.738891] e1000: Copyright (c) 1999-2006 Intel Corporation.
[    3.792219] Fusion MPT SPI Host driver 3.04.20
[    3.973485] input: ImExPS/2 Generic Explorer Mouse as /devices/platform/i8042/serio1/input/input4
[    4.044608] AVX2 version of gcm_enc/dec engaged.
[    4.051158] AES CTR mode by8 optimization enabled
[    4.901893] e1000 0000:00:03.0 eth0: (PCI:33MHz:32-bit) 02:8d:8f:70:9f:84
[    4.906022] e1000 0000:00:03.0 eth0: Intel(R) PRO/1000 Network Connection
[    4.913184] mptbase: ioc0: Initiating bringup
[    5.008965] ioc0: LSI53C1030 A0: Capabilities={Initiator}
[    5.255060] random: fast init done
[    5.257171] scsi host2: ioc0: LSI53C1030 A0, FwRev=00000000h, Ports=1, MaxQ=256, IRQ=20
[    5.272767] random: systemd-udevd: uninitialized urandom read (16 bytes read)
[    5.280187] random: systemd-udevd: uninitialized urandom read (16 bytes read)
[    5.283451] random: systemd-udevd: uninitialized urandom read (16 bytes read)
[    5.561111] scsi 2:0:0:0: Direct-Access     VBOX     HARDDISK         1.0  PQ: 0 ANSI: 5
[    5.570328] scsi target2:0:0: Beginning Domain Validation
[    5.578449] scsi target2:0:0: Domain Validation skipping write tests
[    5.582501] scsi target2:0:0: Ending Domain Validation
[    5.601136] scsi target2:0:0: asynchronous
[    5.606093] scsi 2:0:1:0: Direct-Access     VBOX     HARDDISK         1.0  PQ: 0 ANSI: 5
[    5.612276] scsi target2:0:1: Beginning Domain Validation
[    5.645626] scsi target2:0:1: Domain Validation skipping write tests
[    5.653653] scsi target2:0:1: Ending Domain Validation
[    5.674097] scsi target2:0:1: asynchronous
[    5.753120] sd 2:0:0:0: [sda] 20971520 512-byte logical blocks: (10.7 GB/10.0 GiB)
[    5.759574] sd 2:0:0:0: Attached scsi generic sg0 type 0
[    5.763210] sd 2:0:1:0: [sdb] 20480 512-byte logical blocks: (10.5 MB/10.0 MiB)
[    5.768437] sd 2:0:1:0: Attached scsi generic sg1 type 0
[    5.771701] sd 2:0:0:0: [sda] Write Protect is off
[    5.774803] sd 2:0:1:0: [sdb] Write Protect is off
[    5.777577] sd 2:0:0:0: [sda] Incomplete mode parameter data
[    5.782442] sd 2:0:0:0: [sda] Assuming drive cache: write through
[    5.786482] sd 2:0:1:0: [sdb] Incomplete mode parameter data
[    5.789376] sd 2:0:1:0: [sdb] Assuming drive cache: write through
[    5.848468]  sda: sda1
[    5.865481] sd 2:0:1:0: [sdb] Attached SCSI disk
[    5.870339] sd 2:0:0:0: [sda] Attached SCSI disk
[    6.617041] e1000 0000:00:08.0 eth1: (PCI:33MHz:32-bit) 08:00:27:55:36:49
[    6.620303] e1000 0000:00:08.0 eth1: Intel(R) PRO/1000 Network Connection
[    6.626323] e1000 0000:00:08.0 enp0s8: renamed from eth1
[    6.637028] e1000 0000:00:03.0 enp0s3: renamed from eth0
Begin: Loading essential drivers ... [   10.308723] raid6: sse2x1   gen()  1158 MB/s
[   10.360446] raid6: sse2x1   xor()   688 MB/s
[   10.408115] raid6: sse2x2   gen()  1595 MB/s
[   10.456613] raid6: sse2x2   xor()  1136 MB/s
[   10.508406] raid6: sse2x4   gen()  1925 MB/s
[   10.556058] raid6: sse2x4   xor()  1978 MB/s
[   10.630409] raid6: avx2x1   gen()  2734 MB/s
[   10.684300] raid6: avx2x1   xor()  1347 MB/s
[   10.733171] raid6: avx2x2   gen()  4007 MB/s
[   10.784463] raid6: avx2x2   xor()  1870 MB/s
[   10.832281] raid6: avx2x4   gen()  5818 MB/s
[   10.880207] raid6: avx2x4   xor()  2836 MB/s
[   10.882658] raid6: using algorithm avx2x4 gen() 5818 MB/s
[   10.890009] raid6: .... xor() 2836 MB/s, rmw enabled
[   10.892561] raid6: using avx2x2 recovery algorithm
[   10.902545] xor: automatically using best checksumming function   avx       
[   10.912234] async_tx: api initialized (async)
done.
Begin: Running /scripts/init-premount ... done.
Begin: Mounting root file system ... Begin: Running /scripts/local-top ... done.
Begin: Running /scripts/local-premount ... [   11.172695] Btrfs loaded, crc32c=crc32c-intel
Scanning for Btrfs filesystems
done.
Warning: fsck not present, so skipping root file system
[   11.382075] EXT4-fs (sda1): mounted filesystem with ordered data mode. Opts: (null)
done.
Begin: Running /scripts/local-bottom ... done.
Begin: Running /scripts/init-bottom ... done.
[   12.501839] ip_tables: (C) 2000-2006 Netfilter Core Team
[   12.552958] systemd[1]: systemd 237 running in system mode. (+PAM +AUDIT +SELINUX +IMA +APPARMOR +SMACK +SYSVINIT +UTMP +LIBCRYPTSETUP +GCRYPT +GNUTLS +ACL +XZ +LZ4 +SECCOMP +BLKID +ELFUTILS +KMOD -IDN2 +IDN -PCRE2 default-hierarchy=hybrid)
[   12.564456] systemd[1]: Detected virtualization oracle.
[   12.567409] systemd[1]: Detected architecture x86-64.

Welcome to [1mUbuntu 18.04.2 LTS[0m!

[   12.605417] systemd[1]: Set hostname to <ubuntu>.
[   12.697097] systemd[1]: Initializing machine ID from random generator.
[   12.699714] systemd[1]: Installed transient /etc/machine-id file.
[   13.056146] random: crng init done
[   13.057936] random: 7 urandom warning(s) missed due to ratelimiting
[   14.947132] systemd[1]: Set up automount Arbitrary Executable File Formats File System Automount Point.
[[0;32m  OK  [0m] Set up automount Arbitrary Executab…rmats File System Automount Point.
[   14.956192] systemd[1]: Created slice User and Session Slice.
[[0;32m  OK  [0m] Created slice User and Session Slice.
[   14.966169] systemd[1]: Reached target Swap.
[[0;32m  OK  [0m] Reached target Swap.
[   14.977733] systemd[1]: Created slice System Slice.
[[0;32m  OK  [0m] Created slice System Slice.
[[0;32m  OK  [0m] Listening on Device-mapper event daemon FIFOs.
[[0;32m  OK  [0m] Listening on Syslog Socket.
[[0;32m  OK  [0m] Listening on Journal Socket.
         Starting Uncomplicated firewall...
         Mounting Kernel Debug File System...
         Starting Create list of required st…ce nodes for the current kernel...
         Starting Remount Root and Kernel File Systems...
         Starting Set the console keyboard layout...
[[0;32m  OK  [0m] Listening on LVM2 poll daemon socket.
         Mounting POSIX Message Queue File System...
[[0;32m  OK  [0m] Listening on udev Control Socket.
[[0;32m  OK  [0m] Listening on Journal Socket (/dev/log).
[[0;32m  OK  [0m] Reached target Slices.
[[0;32m  OK  [0m] Listening on /dev/initctl Compatibility Named Pipe.
[[0;32m  OK  [0m] Listening on udev Kernel Socket.
         Starting udev Coldplug all Devices...
[[0;32m  OK  [0m] Reached target System Time Synchronized.
[[0;32m  OK  [0m] Listening on Network Service Netlink Socket.
[[0;32m  OK  [0m] Created slice system-serial\x2dgetty.slice.
[[0;32m  OK  [0m] Listening on LVM2 metadata daemon socket.
[[0;32m  OK  [0m] Reached target User and Group Name Lookups.
         Starting Monitoring of LVM2 mirrors…ng dmeventd or progress polling...
[[0;32m  OK  [0m] Started Forward Password Requests to Wall Directory Watch.
[[0;32m  OK  [0m] Listening on Journal Audit Socket.
[   15.427008] EXT4-fs (sda1): re-mounted. Opts: (null)
         Starting Journal Service...
         Mounting Huge Pages File System...
         Starting Load Kernel Modules...
[[0;32m  OK  [0m] Started Uncomplicated firewall.
[[0;32m  OK  [0m] Mounted Kernel Debug File System.
[[0;32m  OK  [0m] Started Create list of required sta…vice nodes for the current kernel.
[[0;32m  OK  [0m] Started Remount Root and Kernel File Systems.
[[0;32m  OK  [0m] Mounted POSIX Message Queue File System.
[[0;32m  OK  [0m] Mounted Huge Pages File System.
         Starting Load/Save Random Seed...
         Starting Create Static Device Nodes in /dev...
[   15.786854] Loading iSCSI transport class v2.0-870.
[[0;32m  OK  [0m] Started Load/Save Random Seed.
[   16.136992] iscsi: registered transport (tcp)
[[0;32m  OK  [0m] Started Create Static Device Nodes in /dev.
         Starting udev Kernel Device Manager...
[[0;32m  OK  [0m] Started udev Coldplug all Devices.
[[0;32m  OK  [0m] Started LVM2 metadata daemon.
[[0;32m  OK  [0m] Started Journal Service.
         Starting Flush Journal to Persistent Storage...
[   16.591103] systemd-journald[394]: Received request to flush runtime journal from PID 1
[[0;32m  OK  [0m] Started Monitoring of LVM2 mirrors,…sing dmeventd or progress polling.
[[0;32m  OK  [0m] Started udev Kernel Device Manager.
[   16.855066] iscsi: registered transport (iser)
[[0;32m  OK  [0m] Started Load Kernel Modules.
         Starting Apply Kernel Variables...
         Mounting Kernel Configuration File System...
         Mounting FUSE Control File System...
[[0;32m  OK  [0m] Mounted Kernel Configuration File System.
[[0;32m  OK  [0m] Mounted FUSE Control File System.
[[0;32m  OK  [0m] Started Flush Journal to Persistent Storage.
[[0;32m  OK  [0m] Started Apply Kernel Variables.
[[0;32m  OK  [0m] Started Set the console keyboard layout.
[[0;32m  OK  [0m] Reached target Local File Systems (Pre).
[[0;32m  OK  [0m] Reached target Local File Systems.
         Starting Tell Plymouth To Write Out Runtime Data...
         Starting AppArmor initialization...
         Starting ebtables ruleset management...
         Starting Set console font and keymap...
         Starting Create Volatile Files and Directories...
         Starting Commit a transient machine-id on disk...
[[0;32m  OK  [0m] Started Dispatch Password Requests to Console Directory Watch.
[[0;32m  OK  [0m] Reached target Local Encrypted Volumes.
[[0;32m  OK  [0m] Started Set console font and keymap.
[[0;32m  OK  [0m] Started Tell Plymouth To Write Out Runtime Data.
[[0;32m  OK  [0m] Started Commit a transient machine-id on disk.
[[0;32m  OK  [0m] Started Create Volatile Files and Directories.
         Starting Update UTMP about System Boot/Shutdown...
[[0;32m  OK  [0m] Started Update UTMP about System Boot/Shutdown.
[[0;32m  OK  [0m] Started ebtables ruleset management.
[[0;32m  OK  [0m] Found device /dev/ttyS0.
[[0;32m  OK  [0m] Listening on Load/Save RF Kill Switch Status /dev/rfkill Watch.
[[0m[0;31m*     [0m] A start job is running for AppArmor initialization (11s / no limit)[K[[0;1;31m*[0m[0;31m*    [0m] A start job is running for AppArmor initialization (12s / no limit)[K[[0;31m*[0;1;31m*[0m[0;31m*   [0m] A start job is running for AppArmor initialization (12s / no limit)[K[ [0;31m*[0;1;31m*[0m[0;31m*  [0m] A start job is running for AppArmor initialization (13s / no limit)[K[  [0;31m*[0;1;31m*[0m[0;31m* [0m] A start job is running for AppArmor initialization (13s / no limit)[K[   [0;31m*[0;1;31m*[0m[0;31m*[0m] A start job is running for AppArmor initialization (14s / no limit)[K[    [0;31m*[0;1;31m*[0m] A start job is running for AppArmor initialization (15s / no limit)[K[     [0;31m*[0m] A start job is running for AppArmor initialization (15s / no limit)[K[    [0;31m*[0;1;31m*[0m] A start job is running for AppArmor initialization (16s / no limit)[K[[0;32m  OK  [0m] Started AppArmor initialization.
         Starting Initial cloud-init job (pre-networking)...
[   38.883472] cloud-init[547]: Cloud-init v. 19.1-1-gbaa47854-0ubuntu1~18.04.1 running 'init-local' at Fri, 09 Aug 2019 00:19:31 +0000. Up 36.75 seconds.
[[0;32m  OK  [0m] Started Initial cloud-init job (pre-networking).
[[0;32m  OK  [0m] Reached target Network (Pre).
         Starting Network Service...
[[0;32m  OK  [0m] Started Network Service.
         Starting Network Name Resolution...
         Starting Wait for Network to be Configured...
[[0;32m  OK  [0m] Started Network Name Resolution.
[[0;32m  OK  [0m] Reached target Host and Network Name Lookups.
[[0;32m  OK  [0m] Reached target Network.
[[0;32m  OK  [0m] Started Wait for Network to be Configured.
         Starting Initial cloud-init job (metadata service crawler)...
[   45.402772] cloud-init[647]: Cloud-init v. 19.1-1-gbaa47854-0ubuntu1~18.04.1 running 'init' at Fri, 09 Aug 2019 00:19:39 +0000. Up 44.49 seconds.
[   45.422958] cloud-init[647]: ci-info: ++++++++++++++++++++++++++++++++++++++Net device info+++++++++++++++++++++++++++++++++++++++
[   45.435696] cloud-init[647]: ci-info: +--------+-------+----------------------------+---------------+--------+-------------------+
[   45.451408] cloud-init[647]: ci-info: | Device |   Up  |          Address           |      Mask     | Scope  |     Hw-Address    |
[   45.461767] cloud-init[647]: ci-info: +--------+-------+----------------------------+---------------+--------+-------------------+
[   45.475482] cloud-init[647]: ci-info: | enp0s3 |  True |         10.0.2.15          | 255.255.255.0 | global | 02:8d:8f:70:9f:84 |
[   45.480048] cloud-init[647]: ci-info: | enp0s3 |  True | fe80::8d:8fff:fe70:9f84/64 |       .       |  link  | 02:8d:8f:70:9f:84 |
[   45.483568] cloud-init[647]: ci-info: | enp0s8 | False |             .              |       .       |   .    | 08:00:27:55:36:49 |
[   45.489827] cloud-init[647]: ci-info: |   lo   |  True |         127.0.0.1          |   255.0.0.0   |  host  |         .         |
[   45.499379] cloud-init[647]: ci-info: |   lo   |  True |          ::1/128           |       .       |  host  |         .         |
[   45.538913] cloud-init[647]: ci-info: +--------+-------+----------------------------+---------------+--------+-------------------+
[   45.545693] cloud-init[647]: ci-info: ++++++++++++++++++++++++++++Route IPv4 info+++++++++++++++++++++++++++++
[   45.549911] cloud-init[647]: ci-info: +-------+-------------+----------+-----------------+-----------+-------+
[   45.557068] cloud-init[647]: ci-info: | Route | Destination | Gateway  |     Genmask     | Interface | Flags |
[   45.574710] cloud-init[647]: ci-info: +-------+-------------+----------+-----------------+-----------+-------+
[   45.592109] cloud-init[647]: ci-info: |   0   |   0.0.0.0   | 10.0.2.2 |     0.0.0.0     |   enp0s3  |   UG  |
[   45.595475] cloud-init[647]: ci-info: |   1   |   10.0.2.0  | 0.0.0.0  |  255.255.255.0  |   enp0s3  |   U   |
[   45.609049] cloud-init[647]: ci-info: |   2   |   10.0.2.2  | 0.0.0.0  | 255.255.255.255 |   enp0s3  |   UH  |
[   45.612895] cloud-init[647]: ci-info: +-------+-------------+----------+-----------------+-----------+-------+
[   45.616100] cloud-init[647]: ci-info: +++++++++++++++++++Route IPv6 info+++++++++++++++++++
[   45.633007] cloud-init[647]: ci-info: +-------+-------------+---------+-----------+-------+
[   45.636153] cloud-init[647]: ci-info: | Route | Destination | Gateway | Interface | Flags |
[   45.640438] cloud-init[647]: ci-info: +-------+-------------+---------+-----------+-------+
[   45.656477] cloud-init[647]: ci-info: |   1   |  fe80::/64  |    ::   |   enp0s3  |   U   |
[   45.661757] cloud-init[647]: ci-info: |   3   |    local    |    ::   |   enp0s3  |   U   |
[   45.667285] cloud-init[647]: ci-info: |   4   |   ff00::/8  |    ::   |   enp0s3  |   U   |
[   45.672150] cloud-init[647]: ci-info: +-------+-------------+---------+-----------+-------+
[   49.358234] cloud-init[647]: Generating public/private rsa key pair.
[   49.380480] cloud-init[647]: Your identification has been saved in /etc/ssh/ssh_host_rsa_key.
[   49.388792] cloud-init[647]: Your public key has been saved in /etc/ssh/ssh_host_rsa_key.pub.
[   49.400271] cloud-init[647]: The key fingerprint is:
[   49.402885] cloud-init[647]: SHA256:iwC85sqfSTj/+IAnbmDQoFv+Rl+Pp2xNo/HBNlc/NIM root@ubuntu-bionic
[   49.406125] cloud-init[647]: The key's randomart image is:
[   49.413189] cloud-init[647]: +---[RSA 2048]----+
[   49.416660] cloud-init[647]: |                 |
[   49.420468] cloud-init[647]: |..               |
[   49.432313] cloud-init[647]: |.oo           .  |
[   49.434287] cloud-init[647]: |o oo         E.+ |
[   49.436176] cloud-init[647]: |.+o .   S.   ...o|
[   49.438050] cloud-init[647]: |o++ .. .o.B .  ..|
[   49.448466] cloud-init[647]: |o=.* ....X =    .|
[   49.450451] cloud-init[647]: |oo* B ..+ =      |
[   49.472680] cloud-init[647]: |oo.Boo .oo       |
[   49.476535] cloud-init[647]: +----[SHA256]-----+
[   49.481147] cloud-init[647]: Generating public/private dsa key pair.
[   49.484220] cloud-init[647]: Your identification has been saved in /etc/ssh/ssh_host_dsa_key.
[   49.488437] cloud-init[647]: Your public key has been saved in /etc/ssh/ssh_host_dsa_key.pub.
[   49.500729] cloud-init[647]: The key fingerprint is:
[   49.508567] cloud-init[647]: SHA256:5p+k0kGnpoqlUYGYtpbE7fbOJIGSGw3jsX3xNMlZTSg root@ubuntu-bionic
[   49.511444] cloud-init[647]: The key's randomart image is:
[   49.518231] cloud-init[647]: +---[DSA 1024]----+
[   49.519706] cloud-init[647]: |         .+.     |
[   49.524454] cloud-init[647]: |.o..  .E+. .     |
[   49.553210] cloud-init[647]: |==.... *.        |
[   49.563862] cloud-init[647]: |+=O  .+ o .      |
[   49.565984] cloud-init[647]: |+B.=.. oSo       |
[   49.569535] cloud-init[647]: |oo..+  o+        |
[   49.571861] cloud-init[647]: |. ...o +...      |
[   49.590698] cloud-init[647]: |   == o .+ .     |
[   49.597100] cloud-init[647]: |  o .+ .. o      |
[   49.607040] cloud-init[647]: +----[SHA256]-----+
[   49.626580] cloud-init[647]: Generating public/private ecdsa key pair.
[   49.632158] cloud-init[647]: Your identification has been saved in /etc/ssh/ssh_host_ecdsa_key.
[   49.646559] cloud-init[647]: Your public key has been saved in /etc/ssh/ssh_host_ecdsa_key.pub.
[   49.656740] cloud-init[647]: The key fingerprint is:
[   49.669465] cloud-init[647]: SHA256:0kuPAaE6INU1H+yBANeyaq/JrtNrWpsTvhs3/Zd1c1M root@ubuntu-bionic
[   49.683144] cloud-init[647]: The key's randomart image is:
[   49.691854] cloud-init[647]: +---[ECDSA 256]---+
[   49.709120] cloud-init[647]: |  ooo++o.        |
[   49.716784] cloud-init[647]: | . .o.o+o.       |
[   49.724456] cloud-init[647]: |o   .o....       |
[   49.727506] cloud-init[647]: |.. ..  o.       E|
[   49.741039] cloud-init[647]: |  o.  . S       .|
[   49.754299] cloud-init[647]: |  +. . o =  . o..|
[   49.757536] cloud-init[647]: | +ooo . o .o . o.|
[   49.759503] cloud-init[647]: |.o=*.. .  o      |
[[0;32m  OK  [0m] Started Initial cloud-init job (metadata service crawler).[   49.773045] cloud-init[647]: |o*@*    ..       |
[   49.775095] cloud-init
[[0;32m  OK  [0m] Reached target Network is Online.[647]: +----[SHA256]-----+
[   49.797923] cloud-init[647]: Generating public/private ed25519 key pair.

[   49.805095] cloud-init[647]: Your identification has been saved in /etc/ssh/ssh_host_ed25519_key.         
[   49.820962] Starting Availability of block devices...
[[0;32m  OK  [0m] Reached target Remote File Systems (Pre).cloud-init[647]: Your public key has been saved in /etc/ssh/ssh_host_ed25519_key.pub.
[[0;32m  OK  [0m] Reached target Remote File Systems.
[
[   49.842505] cloud-init[647]: The key fingerprint is:
[   49.844283] [0;32m  OK  [0m] Reached target System Initialization.
cloud-init[647]: SHA256:+Dsn09fSRN/c82hItlqb8W+U6zeBci0Ng9RMlvKgA1o root@ubuntu-bionic
[   49.856889]          Starting LXD - unix socket.
[[0;32m  OK  [0m] Listening on Open-iSCSI iscsid Socket.cloud-init[647]: The key's randomart image is:
[   49.886749] cloud-init[647]: +--[ED25519 256]--+

[[0;32m  OK  [0m] Started Discard unused blocks once a week.
[[0;32m  OK  [0m] Started Daily apt download activities.
[[0;32m  OK  [0m] Started Daily apt upgrade and clean activities.
[[0;32m  OK  [0m] Started Message of the Day.
         Starting Socket activation for snappy daemon.
[[0;32m  OK  [0m] Listening on ACPID Listen Socket.
[[0;32m  OK  [0m] Listening on D-Bus System Message Bus Socket.
[[0;32m  OK  [0m] Started Daily Cleanup of Temporary Directories.
[[0;32m  OK  [0m] Reached target Timers.
[[0;32m  OK  [0m] Started ACPI Events Check.
[[0;32m  OK  [0m] Reached target Paths.
[[0;32m  OK  [0m] Listening on UUID daemon activation socket.[   49.977088] cloud-init[647]: |            +o.  |
[   49.978994] cloud-init[647]: |       E   +.+   |
[   49.979814] cloud-init[647]: |      o . o =    |

[[0;32m  OK  [0m] Reached target Cloud-config availability.
[   49.992977] cloud-init[647]: |     . . o . +.  |
[[0;32m  OK  [0m] Started Availability of block devices.
[[0;32m  OK  [0m] Listening on LXD - unix socket.
[[0;32m  OK  [0m] Listening on Socket activation for snappy daemon.
[   50.006504] cloud-init[647]: |      . S .  .*o+|[[0;32m  OK  [0m] 
[   50.057968] cloud-init[647]: |       .   .o+.**|
[   50.059797] cloud-init[647]: |        .. o=*.o=|
[   50.061677] cloud-init[647]: |        +.o.===o+|
[   50.068345] cloud-init[647]: |        .=.oooo++|
[   50.071898] cloud-initReached target Sockets.
[[0;32m  OK  [0m] Reached target Basic System.
[647]: +----[SHA256]-----+
         Starting Pollinate to seed the pseudo random number generator...
         Starting Permit User Sessions...
         Starting Login Service...
         Starting System Logging Service...
[[0;32m  OK  [0m] Started Regular background program processing daemon.
         Starting Dispatcher daemon for systemd-networkd...
         Starting Accounts Service...
[[0;32m  OK  [0m] Started D-Bus System Message Bus.
         Starting Virtualbox guest utils...
[[0;32m  OK  [0m] Started Deferred execution scheduler.
[[0;32m  OK  [0m] Started FUSE filesystem for LXC.
         Starting LSB: Record successful boot for GRUB...
[[0;32m  OK  [0m] Started irqbalance daemon.
         Starting LSB: automatic crash report generation...
         Starting Snappy daemon...
         Starting LXD - container startup/shutdown...
[[0;32m  OK  [0m] Started System Logging Service.
[[0;32m  OK  [0m] Started Permit User Sessions.
[[0;32m  OK  [0m] Started Login Service.
         Starting Authorization Manager...
[[0;32m  OK  [0m] Started Unattended Upgrades Shutdown.
         Starting Hold until boot process finishes up...
         Starting Terminate Plymouth Boot Screen...
[[0;32m  OK  [0m] Started Hold until boot process finishes up.
[[0;32m  OK  [0m] Started Terminate Plymouth Boot Screen.
         Starting Set console scheme...
[[0;32m  OK  [0m] Started Serial Getty on ttyS0.
[[0;32m  OK  [0m] Started Set console scheme.
[[0;32m  OK  [0m] Created slice system-getty.slice.
[[0;32m  OK  [0m] Started Getty on tty1.
[[0;32m  OK  [0m] Reached target Login Prompts.
[[0;32m  OK  [0m] Started LSB: Record successful boot for GRUB.
[[0;32m  OK  [0m] Started LSB: automatic crash report generation.
[[0;32m  OK  [0m] Started Authorization Manager.
[[0;32m  OK  [0m] Started Accounts Service.
[[0;32m  OK  [0m] Started Virtualbox guest utils.
[[0;32m  OK  [0m] Started Dispatcher daemon for systemd-networkd.
[[0;32m  OK  [0m] Started LXD - container startup/shutdown.
[[0;32m  OK  [0m] Started Snappy daemon.
         Starting Wait until snapd is fully seeded...

Ubuntu 18.04.2 LTS ubuntu-bionic ttyS0

ubuntu-bionic login: [   65.934480] cloud-init[1018]: Cloud-init v. 19.1-1-gbaa47854-0ubuntu1~18.04.1 running 'modules:config' at Fri, 09 Aug 2019 00:19:56 +0000. Up 61.37 seconds.
ci-info: no authorized ssh keys fingerprints found for user ubuntu.
<14>Aug  9 00:20:05 ec2: 
<14>Aug  9 00:20:05 ec2: #############################################################
<14>Aug  9 00:20:05 ec2: -----BEGIN SSH HOST KEY FINGERPRINTS-----
<14>Aug  9 00:20:05 ec2: 1024 SHA256:5p+k0kGnpoqlUYGYtpbE7fbOJIGSGw3jsX3xNMlZTSg root@ubuntu-bionic (DSA)
<14>Aug  9 00:20:05 ec2: 256 SHA256:0kuPAaE6INU1H+yBANeyaq/JrtNrWpsTvhs3/Zd1c1M root@ubuntu-bionic (ECDSA)
<14>Aug  9 00:20:05 ec2: 256 SHA256:+Dsn09fSRN/c82hItlqb8W+U6zeBci0Ng9RMlvKgA1o root@ubuntu-bionic (ED25519)
<14>Aug  9 00:20:05 ec2: 2048 SHA256:iwC85sqfSTj/+IAnbmDQoFv+Rl+Pp2xNo/HBNlc/NIM root@ubuntu-bionic (RSA)
<14>Aug  9 00:20:05 ec2: -----END SSH HOST KEY FINGERPRINTS-----
<14>Aug  9 00:20:05 ec2: #############################################################
-----BEGIN SSH HOST KEY KEYS-----
ecdsa-sha2-nistp256 AAAAE2VjZHNhLXNoYTItbmlzdHAyNTYAAAAIbmlzdHAyNTYAAABBBDsHgMmNjSJp2eBpFIHpyzw5ixLDgacWREUprDVaHDX3hbh8oJTznEZ7AlO4BzgVGpexcpmnJPjDDg6gPeeClI0= root@ubuntu-bionic
ssh-ed25519 AAAAC3NzaC1lZDI1NTE5AAAAID12RQ2Rc4rVxM2w878kuj/df3WGrmymbxrOzf1ElLWq root@ubuntu-bionic
ssh-rsa AAAAB3NzaC1yc2EAAAADAQABAAABAQCtGuoMDW8eIldOPFvCR4Qw96Hy6Bwb0iTwcB3sXzMAJCZVNE9PBT6JGN15cCcNPxcmvmr6labphrjOqojT7/6LQQe6xW49C2OtEB4Pxjii9NLLNV3pHhJjZNQLplhcR1M/oGSKh/dQWAys/x7SiJlf4H8ijPldoybxqD2e5yRk2tXNIDXtJAUbcgBFfr5xXDPS1r5imzdywGkE1fcg5rdwstQ5UXqV6PR1HBAsphAksKWf8q3NirmGkz2YN6bwcZaA8dJ89s8Yee7/7B4qfHfeSINeM1RQYFoX3qT3PKKSXHsLE8QJ1jrbcrKU2w/YLwBX0ykgKHAm+4fW/LGx7m4t root@ubuntu-bionic
-----END SSH HOST KEY KEYS-----
[   71.052016] cloud-init[1133]: Cloud-init v. 19.1-1-gbaa47854-0ubuntu1~18.04.1 running 'modules:final' at Fri, 09 Aug 2019 00:20:04 +0000. Up 69.50 seconds.
[   71.073307] cloud-init[1133]: ci-info: no authorized ssh keys fingerprints found for user ubuntu.
[   71.100892] cloud-init[1133]: Cloud-init v. 19.1-1-gbaa47854-0ubuntu1~18.04.1 finished at Fri, 09 Aug 2019 00:20:05 +0000. Datasource DataSourceNoCloud [seed=/dev/sdb][dsmode=net].  Up 70.99 seconds
